\BOOKMARK [1][-]{section.0}{\376\377\201\352\142\021\116\313\176\315\000,\122\115\212\000}{}% 1
\BOOKMARK [2][-]{subsection.0.1}{\376\377\117\134\200\005\116\313\176\315}{section.0}% 2
\BOOKMARK [2][-]{subsection.0.2}{\376\377\123\302\116\016\200\005}{section.0}% 3
\BOOKMARK [2][-]{subsection.0.3}{\376\377\122\115\212\000}{section.0}% 4
\BOOKMARK [1][-]{section.1}{\376\377\133\371\122\250\140\001\211\304\122\022\166\204\122\035\153\145\116\206\211\343}{}% 5
\BOOKMARK [2][-]{subsection.1.1}{\376\377\116\000\116\233\133\232\116\111}{section.1}% 6
\BOOKMARK [2][-]{subsection.1.2}{\376\377\122\250\140\001\211\304\122\022\133\236\117\213}{section.1}% 7
\BOOKMARK [3][-]{subsubsection.1.2.1}{\376\377\147\000\117\030\133\120\176\323\147\204}{subsection.1.2}% 8
\BOOKMARK [3][-]{subsubsection.1.2.2}{\376\377\145\340\124\016\145\110\140\047}{subsection.1.2}% 9
\BOOKMARK [2][-]{subsection.1.3}{\376\377\122\250\140\001\211\304\122\022\166\204\136\224\165\050\123\312\121\166\134\100\226\120\140\047}{section.1}% 10
\BOOKMARK [1][-]{section.2}{\376\377\122\250\140\001\211\304\122\022\127\372\170\100\040\024\040\024\136\217\122\027\127\213\000D\000P}{}% 11
\BOOKMARK [2][-]{subsection.2.1}{\376\377\147\000\225\177\116\012\123\107\133\120\136\217\122\027\225\356\230\230\040\024\000L\000I\000S}{section.2}% 12
\BOOKMARK [3][-]{subsubsection.2.1.1}{\376\377\116\313\176\315\116\016\133\236\163\260}{subsection.2.1}% 13
\BOOKMARK [3][-]{subsubsection.2.1.2}{\376\377\000L\000I\000S\166\204\142\123\123\160}{subsection.2.1}% 14
\BOOKMARK [3][-]{subsubsection.2.1.3}{\376\377\117\213\230\230\040\024\133\374\137\071\142\346\142\052}{subsection.2.1}% 15
\BOOKMARK [2][-]{subsection.2.2}{\376\377\147\000\225\177\121\154\121\161\133\120\136\217\122\027\040\024\000L\000C\000S}{section.2}% 16
\BOOKMARK [3][-]{subsubsection.2.2.1}{\376\377\116\313\176\315\116\016\133\236\163\260}{subsection.2.2}% 17
\BOOKMARK [3][-]{subsubsection.2.2.2}{\376\377\000L\000C\000S\166\204\142\123\123\160}{subsection.2.2}% 18
\BOOKMARK [3][-]{subsubsection.2.2.3}{\376\377\000L\000C\000S\166\204\117\030\123\026}{subsection.2.2}% 19
\BOOKMARK [1][-]{section.3}{\376\377\122\250\140\001\211\304\122\022\122\035\153\145\040\024\040\024\200\314\123\005\225\356\230\230}{}% 20
\BOOKMARK [2][-]{subsection.3.1}{\376\377\200\314\123\005\225\356\230\230\146\057\116\300\116\110\377\037}{section.3}% 21
\BOOKMARK [2][-]{subsection.3.2}{\376\377\0000\0001\200\314\123\005\225\356\230\230}{section.3}% 22
\BOOKMARK [3][-]{subsubsection.3.2.1}{\376\377\173\200\116\313}{subsection.3.2}% 23
\BOOKMARK [3][-]{subsubsection.3.2.2}{\376\377\144\034\175\042}{subsection.3.2}% 24
\BOOKMARK [3][-]{subsubsection.3.2.3}{\376\377\116\214\176\364\000D\000P}{subsection.3.2}% 25
\BOOKMARK [3][-]{subsubsection.3.2.4}{\376\377\116\000\176\364\000D\000P}{subsection.3.2}% 26
\BOOKMARK [2][-]{subsection.3.3}{\376\377\133\214\121\150\200\314\123\005\225\356\230\230\060\001\131\032\221\315\200\314\123\005\225\356\230\230\116\016\155\367\124\010\200\314\123\005\225\356\230\230}{section.3}% 27
\BOOKMARK [3][-]{subsubsection.3.3.1}{\376\377\133\214\121\150\200\314\123\005\225\356\230\230}{subsection.3.3}% 28
\BOOKMARK [3][-]{subsubsection.3.3.2}{\376\377\131\032\221\315\200\314\123\005\225\356\230\230}{subsection.3.3}% 29
\BOOKMARK [3][-]{subsubsection.3.3.3}{\376\377\155\367\124\010\200\314\123\005\225\356\230\230}{subsection.3.3}% 30
\BOOKMARK [2][-]{subsection.3.4}{\376\377\116\214\176\364\200\314\123\005\225\356\230\230\116\016\122\006\176\304\200\314\123\005\225\356\230\230}{section.3}% 31
\BOOKMARK [3][-]{subsubsection.3.4.1}{\376\377\116\214\176\364\200\314\123\005\225\356\230\230}{subsection.3.4}% 32
\BOOKMARK [3][-]{subsubsection.3.4.2}{\376\377\122\006\176\304\200\314\123\005\225\356\230\230}{subsection.3.4}% 33
\BOOKMARK [2][-]{subsection.3.5}{\376\377\147\011\117\235\215\126\166\204\200\314\123\005\225\356\230\230\116\016\154\333\123\026\162\151\124\301\377\010\220\011\133\146\377\011}{section.3}% 34
\BOOKMARK [3][-]{subsubsection.3.5.1}{\376\377\147\011\117\235\215\126\166\204\200\314\123\005\225\356\230\230}{subsection.3.5}% 35
\BOOKMARK [3][-]{subsubsection.3.5.2}{\376\377\154\333\123\026\162\151\124\301}{subsection.3.5}% 36
