\BOOKMARK [1][-]{section.0}{\376\377\201\352\142\021\116\313\176\315\000\040\000\046\000\046\000\040\122\115\212\000}{}% 1
\BOOKMARK [2][-]{subsection.0.1}{\376\377\117\134\200\005\116\313\176\315}{section.0}% 2
\BOOKMARK [2][-]{subsection.0.2}{\376\377\123\302\116\016\200\005}{section.0}% 3
\BOOKMARK [2][-]{subsection.0.3}{\376\377\122\115\212\000}{section.0}% 4
\BOOKMARK [1][-]{section.1}{\376\377\133\371\122\250\140\001\211\304\122\022\166\204\122\035\153\145\116\206\211\343}{}% 5
\BOOKMARK [2][-]{subsection.1.1}{\376\377\116\000\116\233\133\232\116\111}{section.1}% 6
\BOOKMARK [2][-]{subsection.1.2}{\376\377\122\250\140\001\211\304\122\022\133\236\117\213}{section.1}% 7
\BOOKMARK [3][-]{subsubsection.1.2.1}{\376\377\147\000\117\030\133\120\176\323\147\204}{subsection.1.2}% 8
\BOOKMARK [3][-]{subsubsection.1.2.2}{\376\377\145\340\124\016\145\110\140\047}{subsection.1.2}% 9
\BOOKMARK [2][-]{subsection.1.3}{\376\377\122\250\140\001\211\304\122\022\166\204\136\224\165\050\123\312\121\166\134\100\226\120\140\047}{section.1}% 10
\BOOKMARK [1][-]{section.2}{\376\377\122\250\140\001\211\304\122\022\127\372\170\100\040\024\040\024\136\217\122\027\127\213\000D\000P}{}% 11
\BOOKMARK [2][-]{subsection.2.1}{\376\377\147\000\225\177\116\012\123\107\133\120\136\217\122\027\225\356\230\230\040\024\000L\000I\000S}{section.2}% 12
\BOOKMARK [3][-]{subsubsection.2.1.1}{\376\377\116\313\176\315\116\016\133\236\163\260}{subsection.2.1}% 13
\BOOKMARK [3][-]{subsubsection.2.1.2}{\376\377\000L\000I\000S\166\204\142\123\123\160}{subsection.2.1}% 14
\BOOKMARK [3][-]{subsubsection.2.1.3}{\376\377\117\213\230\230\040\024\133\374\137\071\142\346\142\052}{subsection.2.1}% 15
\BOOKMARK [2][-]{subsection.2.2}{\376\377\147\000\225\177\121\154\121\161\133\120\136\217\122\027\040\024\000L\000C\000S}{section.2}% 16
\BOOKMARK [3][-]{subsubsection.2.2.1}{\376\377\116\313\176\315\116\016\133\236\163\260}{subsection.2.2}% 17
\BOOKMARK [3][-]{subsubsection.2.2.2}{\376\377\000L\000C\000S\166\204\142\123\123\160}{subsection.2.2}% 18
\BOOKMARK [3][-]{subsubsection.2.2.3}{\376\377\000L\000C\000S\166\204\117\030\123\026}{subsection.2.2}% 19
\BOOKMARK [1][-]{section.3}{\376\377\122\250\140\001\211\304\122\022\122\035\153\145\040\024\040\024\200\314\123\005\225\356\230\230}{}% 20
\BOOKMARK [2][-]{subsection.3.1}{\376\377\200\314\123\005\225\356\230\230\146\057\116\300\116\110\377\037}{section.3}% 21
\BOOKMARK [2][-]{subsection.3.2}{\376\377\0000\0001\200\314\123\005\225\356\230\230}{section.3}% 22
\BOOKMARK [3][-]{subsubsection.3.2.1}{\376\377\173\200\116\313}{subsection.3.2}% 23
\BOOKMARK [3][-]{subsubsection.3.2.2}{\376\377\144\034\175\042}{subsection.3.2}% 24
\BOOKMARK [3][-]{subsubsection.3.2.3}{\376\377\116\214\176\364\000D\000P}{subsection.3.2}% 25
\BOOKMARK [3][-]{subsubsection.3.2.4}{\376\377\116\000\176\364\000D\000P}{subsection.3.2}% 26
\BOOKMARK [2][-]{subsection.3.3}{\376\377\133\214\121\150\200\314\123\005\225\356\230\230\060\001\131\032\221\315\200\314\123\005\225\356\230\230\116\016\155\367\124\010\200\314\123\005\225\356\230\230}{section.3}% 27
\BOOKMARK [3][-]{subsubsection.3.3.1}{\376\377\133\214\121\150\200\314\123\005\225\356\230\230}{subsection.3.3}% 28
\BOOKMARK [3][-]{subsubsection.3.3.2}{\376\377\131\032\221\315\200\314\123\005\225\356\230\230}{subsection.3.3}% 29
\BOOKMARK [3][-]{subsubsection.3.3.3}{\376\377\155\367\124\010\200\314\123\005\225\356\230\230}{subsection.3.3}% 30
\BOOKMARK [2][-]{subsection.3.4}{\376\377\116\214\176\364\200\314\123\005\225\356\230\230\116\016\122\006\176\304\200\314\123\005\225\356\230\230}{section.3}% 31
\BOOKMARK [3][-]{subsubsection.3.4.1}{\376\377\116\214\176\364\200\314\123\005\225\356\230\230}{subsection.3.4}% 32
\BOOKMARK [3][-]{subsubsection.3.4.2}{\376\377\122\006\176\304\200\314\123\005\225\356\230\230}{subsection.3.4}% 33
\BOOKMARK [2][-]{subsection.3.5}{\376\377\147\011\117\235\215\126\166\204\200\314\123\005\225\356\230\230\116\016\154\333\123\026\162\151\124\301\377\010\220\011\133\146\377\011}{section.3}% 34
\BOOKMARK [3][-]{subsubsection.3.5.1}{\376\377\147\011\117\235\215\126\166\204\200\314\123\005\225\356\230\230}{subsection.3.5}% 35
\BOOKMARK [3][-]{subsubsection.3.5.2}{\376\377\154\333\123\026\162\151\124\301}{subsection.3.5}% 36
\BOOKMARK [1][-]{section.4}{\376\377\122\250\140\001\211\304\122\022\143\320\232\330\040\024\040\024\150\313\166\330\127\213\000D\000P\116\016\123\072\225\364\127\213\000D\000P}{}% 37
\BOOKMARK [2][-]{subsection.4.1}{\376\377\150\313\166\330\127\213\000D\000P}{section.4}% 38
\BOOKMARK [2][-]{subsection.4.2}{\376\377\123\072\225\364\127\213\000D\000P}{section.4}% 39
\BOOKMARK [1][-]{section.5}{\376\377\122\250\140\001\211\304\122\022\000P\000r\000o\000f\000e\000s\000s\000i\000o\000n\000a\000l\040\024\040\024\150\021\137\142\000D\000P\060\001\162\266\123\213\000D\000P\116\016\145\160\117\115\000D\000P}{}% 40
\BOOKMARK [2][-]{subsection.5.1}{\376\377\150\021\137\142\000D\000P}{section.5}% 41
\BOOKMARK [2][-]{subsection.5.2}{\376\377\162\266\123\213\000D\000P}{section.5}% 42
\BOOKMARK [3][-]{subsubsection.5.2.1}{\376\377\133\232\116\111\116\016\162\171\160\271}{subsection.5.2}% 43
\BOOKMARK [3][-]{subsubsection.5.2.2}{\376\377\147\011\121\163\117\115\217\320\173\227\166\204\167\345\213\306}{subsection.5.2}% 44
\BOOKMARK [3][-]{subsubsection.5.2.3}{\376\377\127\372\170\100\117\213\230\230\040\024\141\044\140\022\166\204\134\017\236\037}{subsection.5.2}% 45
\BOOKMARK [3][-]{subsubsection.5.2.4}{\376\377\143\320\232\330\117\213\230\230\040\024\133\235\205\317}{subsection.5.2}% 46
\BOOKMARK [4][-]{paragraph.5.2.4.1}{\376\377\226\217\147\072\123\026\146\264\122\233}{subsubsection.5.2.4}% 47
\BOOKMARK [4][-]{paragraph.5.2.4.2}{\376\377\152\041\142\337\220\000\160\153}{subsubsection.5.2.4}% 48
\BOOKMARK [4][-]{paragraph.5.2.4.3}{\376\377\147\000\134\017\165\037\142\020\150\021}{subsubsection.5.2.4}% 49
\BOOKMARK [4][-]{paragraph.5.2.4.4}{\376\377\162\266\123\213\000D\000P}{subsubsection.5.2.4}% 50
\BOOKMARK [2][-]{subsection.5.3}{\376\377\145\160\117\115\000D\000P}{section.5}% 51
\BOOKMARK [3][-]{subsubsection.5.3.1}{\376\377\127\372\170\100\167\345\213\306}{subsection.5.3}% 52
\BOOKMARK [3][-]{subsubsection.5.3.2}{\376\377\121\145\225\350\117\213\230\230\040\024\116\015\211\201\0006\0002}{subsection.5.3}% 53
\BOOKMARK [3][-]{subsubsection.5.3.3}{\376\377\136\070\145\160\117\030\123\026}{subsection.5.3}% 54
\BOOKMARK [3][-]{subsubsection.5.3.4}{\376\377\121\317\154\325\166\204\202\172\147\057\040\024\000F\000\050\000x\000\051}{subsection.5.3}% 55
\BOOKMARK [1][-]{section.6}{\376\377\121\170\127\213\230\230\166\356\116\016\226\276\230\230\220\011\213\262}{}% 56
\BOOKMARK [2][-]{subsection.6.1}{\376\377\121\170\127\213\230\230\166\356}{section.6}% 57
\BOOKMARK [2][-]{subsection.6.2}{\376\377\226\276\230\230\220\011\213\262}{section.6}% 58
\BOOKMARK [3][-]{subsubsection.6.2.1}{\376\377\176\304\124\010\145\160\225\356\230\230\040\024\145\160\213\272\000/\145\160\133\146\377\014\000D\000P\377\014\122\115\177\000\124\214\117\030\123\026}{subsection.6.2}% 59
\BOOKMARK [3][-]{subsubsection.6.2.2}{\376\377\143\142\145\131\133\244\040\024\147\037\147\033\000D\000P}{subsection.6.2}% 60
